#! /c/Source/iverilog-install/bin/vvp
:ivl_version "12.0 (devel)" "(s20150603-1539-g2693dd32b)";
:ivl_delay_selection "TYPICAL";
:vpi_time_precision + 0;
:vpi_module "C:\iverilog\lib\ivl\system.vpi";
:vpi_module "C:\iverilog\lib\ivl\vhdl_sys.vpi";
:vpi_module "C:\iverilog\lib\ivl\vhdl_textio.vpi";
:vpi_module "C:\iverilog\lib\ivl\v2005_math.vpi";
:vpi_module "C:\iverilog\lib\ivl\va_math.vpi";
S_00000252069e24d0 .scope module, "ram" "ram" 2 1;
 .timescale 0 0;
    .port_info 0 /OUTPUT 8 "data_out";
    .port_info 1 /INPUT 8 "data_in";
    .port_info 2 /INPUT 10 "addr";
    .port_info 3 /INPUT 1 "wr";
    .port_info 4 /INPUT 1 "cs";
P_00000252069e2dc0 .param/l "addr_size" 0 2 2, +C4<00000000000000000000000000001010>;
P_00000252069e2df8 .param/l "memory_size" 0 2 3, +C4<00000000000000000000010000000000>;
P_00000252069e2e30 .param/l "word_size" 0 2 2, +C4<00000000000000000000000000001000>;
L_0000025206baef50 .functor BUFZ 8, L_0000025206baab60, C4<00000000>, C4<00000000>, C4<00000000>;
v00000252069e2660_0 .net *"_ivl_0", 7 0, L_0000025206baab60;  1 drivers
v00000252069e2700_0 .net *"_ivl_2", 11 0, L_0000025206baac00;  1 drivers
L_0000025206a5bc38 .functor BUFT 1, C4<00>, C4<0>, C4<0>, C4<0>;
v00000252069e27a0_0 .net *"_ivl_5", 1 0, L_0000025206a5bc38;  1 drivers
o0000025206a17068 .functor BUFZ 10, C4<zzzzzzzzzz>; HiZ drive
v00000252069e2840_0 .net "addr", 9 0, o0000025206a17068;  0 drivers
o0000025206a17098 .functor BUFZ 1, C4<z>; HiZ drive
v0000025206baa840_0 .net "cs", 0 0, o0000025206a17098;  0 drivers
o0000025206a170c8 .functor BUFZ 8, C4<zzzzzzzz>; HiZ drive
v0000025206baa8e0_0 .net "data_in", 7 0, o0000025206a170c8;  0 drivers
v0000025206baa980_0 .net "data_out", 7 0, L_0000025206baef50;  1 drivers
v0000025206baaa20 .array "mem", 0 1023, 7 0;
o0000025206a17128 .functor BUFZ 1, C4<z>; HiZ drive
v0000025206baaac0_0 .net "wr", 0 0, o0000025206a17128;  0 drivers
E_0000025206babd30 .event anyedge, v0000025206baa840_0, v0000025206baaac0_0;
L_0000025206baab60 .array/port v0000025206baaa20, L_0000025206baac00;
L_0000025206baac00 .concat [ 10 2 0 0], o0000025206a17068, L_0000025206a5bc38;
    .scope S_00000252069e24d0;
T_0 ;
    %wait E_0000025206babd30;
    %load/vec4 v0000025206baaac0_0;
    %flag_set/vec4 8;
    %jmp/0xz  T_0.0, 8;
    %load/vec4 v0000025206baa8e0_0;
    %load/vec4 v00000252069e2840_0;
    %pad/u 12;
    %ix/vec4 4;
    %store/vec4a v0000025206baaa20, 4, 0;
T_0.0 ;
    %jmp T_0;
    .thread T_0, $push;
# The file index is used to find the file name in the following table.
:file_names 3;
    "N/A";
    "<interactive>";
    "ram.v";
